<?xml version="1.0" encoding="UTF-8"?>
<!-- Generated by org.testng.reporters.JUnitXMLReporter -->
<testsuite hostname="Admin-PC" ignored="0" name="Test" tests="11" failures="0" timestamp="10 Jul 2018 08:52:51 GMT" time="242.041" errors="0">
  <testcase name="sigRegisterlinkclick" time="18.069" classname="com.jug.qa.SIGTest.MMSRegistrationlinkTest"/>
  <testcase name="loginTest" time="3.65" classname="com.jug.qa.SIGTest.MMSLoginPageTest"/>
  <testcase name="SIGifsigTitleTest" time="1.49" classname="com.jug.qa.SIGTest.IdeasSigTabTest"/>
  <testcase name="verifyProjectTitle" time="5.815" classname="com.jug.qa.SIGTest.MMSProjectPageTest"/>
  <testcase name="verifygrantsTitle" time="11.207" classname="com.jug.qa.SIGTest.MMSGrantsfundingpageTest"/>
  <testcase name="verifyconsultancyTitle" time="1.204" classname="com.jug.qa.SIGTest.MMSConsultancyPageTest"/>
  <testcase name="verifyhackathonsTitle" time="10.857" classname="com.jug.qa.SIGTest.MMSHackathonsPageTest"/>
  <testcase name="verifyGramTitle" time="5.821" classname="com.jug.qa.SIGTest.GramTownPageTest"/>
  <testcase name="leaderbutton" time="15.562" classname="com.jug.qa.SIGTest.MyProfilePageTest"/>
  <testcase name="loggoutt" time="0.428" classname="com.jug.qa.SIGTest.SIGLogoutTest"/>
  <testcase name="viewresponse" time="6.836" classname="com.jug.qa.SIGTest.IdeasSigTabTest"/>
</testsuite> <!-- Test -->
