<?xml version="1.0" encoding="UTF-8"?>
<!-- Generated by org.testng.reporters.JUnitXMLReporter -->
<testsuite hostname="Admin-PC" ignored="0" name="Test" tests="4" failures="0" timestamp="09 Jul 2018 12:58:24 GMT" time="55.915" errors="0">
  <testcase name="viewall" time="1.17" classname="com.jug.qa.UpgradeTest.UpgradeEventPageTest"/>
  <testcase name="loginTest" time="3.174" classname="com.jug.qa.UpgradeTest.UpgradeLoginPageTest"/>
  <testcase name="upgradedash" time="0.269" classname="com.jug.qa.UpgradeTest.UpgradeDashboardPageTest"/>
  <testcase name="upgradedashprofilebtn" time="3.674" classname="com.jug.qa.UpgradeTest.UpgradeDashboardPageTest"/>
</testsuite> <!-- Test -->
