<?xml version="1.0" encoding="UTF-8"?>
<testng-results skipped="0" failed="0" ignored="0" total="11" passed="11">
  <reporter-output>
  </reporter-output>
  <suite name="Suite" duration-ms="242041" started-at="2018-07-10T08:48:49Z" finished-at="2018-07-10T08:52:51Z">
    <groups>
    </groups>
    <test name="Test" duration-ms="242041" started-at="2018-07-10T08:48:49Z" finished-at="2018-07-10T08:52:51Z">
      <class name="com.jug.qa.SIGTest.IdeasSigTabTest">
        <test-method status="PASS" signature="setUp()[pri:0, instance:com.jug.qa.SIGTest.IdeasSigTabTest@56ac3a89]" name="setUp" is-config="true" duration-ms="11355" started-at="2018-07-10T08:49:30Z" finished-at="2018-07-10T08:49:41Z">
          <reporter-output>
          </reporter-output>
        </test-method> <!-- setUp -->
        <test-method status="PASS" signature="SIGifsigTitleTest()[pri:1, instance:com.jug.qa.SIGTest.IdeasSigTabTest@56ac3a89]" name="SIGifsigTitleTest" duration-ms="1490" started-at="2018-07-10T08:49:41Z" finished-at="2018-07-10T08:49:43Z">
          <reporter-output>
          </reporter-output>
        </test-method> <!-- SIGifsigTitleTest -->
        <test-method status="PASS" signature="teardown()[pri:0, instance:com.jug.qa.SIGTest.IdeasSigTabTest@56ac3a89]" name="teardown" is-config="true" duration-ms="1492" started-at="2018-07-10T08:49:43Z" finished-at="2018-07-10T08:49:44Z">
          <reporter-output>
          </reporter-output>
        </test-method> <!-- teardown -->
        <test-method status="PASS" signature="setUp()[pri:0, instance:com.jug.qa.SIGTest.IdeasSigTabTest@56ac3a89]" name="setUp" is-config="true" duration-ms="10851" started-at="2018-07-10T08:52:32Z" finished-at="2018-07-10T08:52:42Z">
          <reporter-output>
          </reporter-output>
        </test-method> <!-- setUp -->
        <test-method status="PASS" signature="viewresponse()[pri:2, instance:com.jug.qa.SIGTest.IdeasSigTabTest@56ac3a89]" name="viewresponse" duration-ms="6836" started-at="2018-07-10T08:52:42Z" finished-at="2018-07-10T08:52:49Z">
          <reporter-output>
          </reporter-output>
        </test-method> <!-- viewresponse -->
        <test-method status="PASS" signature="teardown()[pri:0, instance:com.jug.qa.SIGTest.IdeasSigTabTest@56ac3a89]" name="teardown" is-config="true" duration-ms="1484" started-at="2018-07-10T08:52:49Z" finished-at="2018-07-10T08:52:51Z">
          <reporter-output>
          </reporter-output>
        </test-method> <!-- teardown -->
      </class> <!-- com.jug.qa.SIGTest.IdeasSigTabTest -->
      <class name="com.jug.qa.SIGTest.MMSLoginPageTest">
        <test-method status="PASS" signature="setUp()[pri:0, instance:com.jug.qa.SIGTest.MMSLoginPageTest@490ab905]" name="setUp" is-config="true" duration-ms="7009" started-at="2018-07-10T08:49:17Z" finished-at="2018-07-10T08:49:24Z">
          <reporter-output>
          </reporter-output>
        </test-method> <!-- setUp -->
        <test-method status="PASS" signature="loginTest()[pri:1, instance:com.jug.qa.SIGTest.MMSLoginPageTest@490ab905]" name="loginTest" duration-ms="3650" started-at="2018-07-10T08:49:24Z" finished-at="2018-07-10T08:49:28Z">
          <reporter-output>
          </reporter-output>
        </test-method> <!-- loginTest -->
        <test-method status="PASS" signature="teardown()[pri:0, instance:com.jug.qa.SIGTest.MMSLoginPageTest@490ab905]" name="teardown" is-config="true" duration-ms="1859" started-at="2018-07-10T08:49:28Z" finished-at="2018-07-10T08:49:30Z">
          <reporter-output>
          </reporter-output>
        </test-method> <!-- teardown -->
      </class> <!-- com.jug.qa.SIGTest.MMSLoginPageTest -->
      <class name="com.jug.qa.SIGTest.MMSProjectPageTest">
        <test-method status="PASS" signature="setUp()[pri:0, instance:com.jug.qa.SIGTest.MMSProjectPageTest@27c20538]" name="setUp" is-config="true" duration-ms="11051" started-at="2018-07-10T08:49:44Z" finished-at="2018-07-10T08:49:55Z">
          <reporter-output>
          </reporter-output>
        </test-method> <!-- setUp -->
        <test-method status="PASS" signature="verifyProjectTitle()[pri:1, instance:com.jug.qa.SIGTest.MMSProjectPageTest@27c20538]" name="verifyProjectTitle" duration-ms="5815" started-at="2018-07-10T08:49:55Z" finished-at="2018-07-10T08:50:01Z">
          <reporter-output>
          </reporter-output>
        </test-method> <!-- verifyProjectTitle -->
        <test-method status="PASS" signature="tearDown()[pri:0, instance:com.jug.qa.SIGTest.MMSProjectPageTest@27c20538]" name="tearDown" is-config="true" duration-ms="1589" started-at="2018-07-10T08:50:01Z" finished-at="2018-07-10T08:50:03Z">
          <reporter-output>
          </reporter-output>
        </test-method> <!-- tearDown -->
      </class> <!-- com.jug.qa.SIGTest.MMSProjectPageTest -->
      <class name="com.jug.qa.SIGTest.MMSConsultancyPageTest">
        <test-method status="PASS" signature="setUp()[pri:0, instance:com.jug.qa.SIGTest.MMSConsultancyPageTest@6e06451e]" name="setUp" is-config="true" duration-ms="20310" started-at="2018-07-10T08:50:36Z" finished-at="2018-07-10T08:50:57Z">
          <reporter-output>
          </reporter-output>
        </test-method> <!-- setUp -->
        <test-method status="PASS" signature="verifyconsultancyTitle()[pri:1, instance:com.jug.qa.SIGTest.MMSConsultancyPageTest@6e06451e]" name="verifyconsultancyTitle" duration-ms="1204" started-at="2018-07-10T08:50:57Z" finished-at="2018-07-10T08:50:58Z">
          <reporter-output>
          </reporter-output>
        </test-method> <!-- verifyconsultancyTitle -->
        <test-method status="PASS" signature="tearDown()[pri:0, instance:com.jug.qa.SIGTest.MMSConsultancyPageTest@6e06451e]" name="tearDown" is-config="true" duration-ms="1476" started-at="2018-07-10T08:50:58Z" finished-at="2018-07-10T08:50:59Z">
          <reporter-output>
          </reporter-output>
        </test-method> <!-- tearDown -->
      </class> <!-- com.jug.qa.SIGTest.MMSConsultancyPageTest -->
      <class name="com.jug.qa.SIGTest.GramTownPageTest">
        <test-method status="PASS" signature="setUp()[pri:0, instance:com.jug.qa.SIGTest.GramTownPageTest@6e1567f1]" name="setUp" is-config="true" duration-ms="10494" started-at="2018-07-10T08:51:33Z" finished-at="2018-07-10T08:51:43Z">
          <reporter-output>
          </reporter-output>
        </test-method> <!-- setUp -->
        <test-method status="PASS" signature="verifyGramTitle()[pri:1, instance:com.jug.qa.SIGTest.GramTownPageTest@6e1567f1]" name="verifyGramTitle" duration-ms="5821" started-at="2018-07-10T08:51:43Z" finished-at="2018-07-10T08:51:49Z">
          <reporter-output>
          </reporter-output>
        </test-method> <!-- verifyGramTitle -->
        <test-method status="PASS" signature="tearDown()[pri:0, instance:com.jug.qa.SIGTest.GramTownPageTest@6e1567f1]" name="tearDown" is-config="true" duration-ms="1252" started-at="2018-07-10T08:51:49Z" finished-at="2018-07-10T08:51:50Z">
          <reporter-output>
          </reporter-output>
        </test-method> <!-- tearDown -->
      </class> <!-- com.jug.qa.SIGTest.GramTownPageTest -->
      <class name="com.jug.qa.SIGTest.MMSRegistrationlinkTest">
        <test-method status="PASS" signature="setUp()[pri:0, instance:com.jug.qa.SIGTest.MMSRegistrationlinkTest@1e397ed7]" name="setUp" is-config="true" duration-ms="7777" started-at="2018-07-10T08:48:50Z" finished-at="2018-07-10T08:48:58Z">
          <reporter-output>
          </reporter-output>
        </test-method> <!-- setUp -->
        <test-method status="PASS" signature="sigRegisterlinkclick(java.lang.String, java.lang.String, java.lang.String, java.lang.String, java.lang.String, java.lang.String, java.lang.String, java.lang.String, java.lang.String, java.lang.String, java.lang.String, java.lang.String, java.lang.String, java.lang.String, java.lang.String)[pri:1, instance:com.jug.qa.SIGTest.MMSRegistrationlinkTest@1e397ed7]" name="sigRegisterlinkclick" duration-ms="18069" started-at="2018-07-10T08:48:58Z" data-provider="getJFTestData" finished-at="2018-07-10T08:49:16Z">
          <params>
            <param index="0">
              <value>
                <![CDATA[Bitcode]]>
              </value>
            </param>
            <param index="1">
              <value>
                <![CDATA[Hardware]]>
              </value>
            </param>
            <param index="2">
              <value>
                <![CDATA[In Association with Industry]]>
              </value>
            </param>
            <param index="3">
              <value>
                <![CDATA[Rahul]]>
              </value>
            </param>
            <param index="4">
              <value>
                <![CDATA[Manish]]>
              </value>
            </param>
            <param index="5">
              <value>
                <![CDATA[9854678564]]>
              </value>
            </param>
            <param index="6">
              <value>
                <![CDATA[anita.giri@rlard.com]]>
              </value>
            </param>
            <param index="7">
              <value>
                <![CDATA[929194237044]]>
              </value>
            </param>
            <param index="8">
              <value>
                <![CDATA[Summit]]>
              </value>
            </param>
            <param index="9">
              <value>
                <![CDATA[9854678564]]>
              </value>
            </param>
            <param index="10">
              <value>
                <![CDATA[director@rlard.com]]>
              </value>
            </param>
            <param index="11">
              <value>
                <![CDATA[929194237044]]>
              </value>
            </param>
            <param index="12">
              <value>
                <![CDATA[Baner]]>
              </value>
            </param>
            <param index="13">
              <value>
                <![CDATA[Kolkatta]]>
              </value>
            </param>
            <param index="14">
              <value>
                <![CDATA[411045.0]]>
              </value>
            </param>
          </params>
          <reporter-output>
          </reporter-output>
        </test-method> <!-- sigRegisterlinkclick -->
        <test-method status="PASS" signature="teardown()[pri:0, instance:com.jug.qa.SIGTest.MMSRegistrationlinkTest@1e397ed7]" name="teardown" is-config="true" duration-ms="1296" started-at="2018-07-10T08:49:16Z" finished-at="2018-07-10T08:49:17Z">
          <reporter-output>
          </reporter-output>
        </test-method> <!-- teardown -->
      </class> <!-- com.jug.qa.SIGTest.MMSRegistrationlinkTest -->
      <class name="com.jug.qa.SIGTest.SIGLogoutTest">
        <test-method status="PASS" signature="setUp()[pri:0, instance:com.jug.qa.SIGTest.SIGLogoutTest@cb644e]" name="setUp" is-config="true" duration-ms="11446" started-at="2018-07-10T08:52:19Z" finished-at="2018-07-10T08:52:30Z">
          <reporter-output>
          </reporter-output>
        </test-method> <!-- setUp -->
        <test-method status="PASS" signature="loggoutt()[pri:1, instance:com.jug.qa.SIGTest.SIGLogoutTest@cb644e]" name="loggoutt" duration-ms="428" started-at="2018-07-10T08:52:30Z" finished-at="2018-07-10T08:52:30Z">
          <reporter-output>
          </reporter-output>
        </test-method> <!-- loggoutt -->
        <test-method status="PASS" signature="tearDown()[pri:0, instance:com.jug.qa.SIGTest.SIGLogoutTest@cb644e]" name="tearDown" is-config="true" duration-ms="1211" started-at="2018-07-10T08:52:30Z" finished-at="2018-07-10T08:52:32Z">
          <reporter-output>
          </reporter-output>
        </test-method> <!-- tearDown -->
      </class> <!-- com.jug.qa.SIGTest.SIGLogoutTest -->
      <class name="com.jug.qa.SIGTest.MMSGrantsfundingpageTest">
        <test-method status="PASS" signature="setUp()[pri:0, instance:com.jug.qa.SIGTest.MMSGrantsfundingpageTest@72d818d1]" name="setUp" is-config="true" duration-ms="21058" started-at="2018-07-10T08:50:03Z" finished-at="2018-07-10T08:50:24Z">
          <reporter-output>
          </reporter-output>
        </test-method> <!-- setUp -->
        <test-method status="PASS" signature="verifygrantsTitle()[pri:1, instance:com.jug.qa.SIGTest.MMSGrantsfundingpageTest@72d818d1]" name="verifygrantsTitle" duration-ms="11207" started-at="2018-07-10T08:50:24Z" finished-at="2018-07-10T08:50:35Z">
          <reporter-output>
          </reporter-output>
        </test-method> <!-- verifygrantsTitle -->
        <test-method status="PASS" signature="tearDown()[pri:0, instance:com.jug.qa.SIGTest.MMSGrantsfundingpageTest@72d818d1]" name="tearDown" is-config="true" duration-ms="1439" started-at="2018-07-10T08:50:35Z" finished-at="2018-07-10T08:50:36Z">
          <reporter-output>
          </reporter-output>
        </test-method> <!-- tearDown -->
      </class> <!-- com.jug.qa.SIGTest.MMSGrantsfundingpageTest -->
      <class name="com.jug.qa.SIGTest.MMSHackathonsPageTest">
        <test-method status="PASS" signature="setUp()[pri:0, instance:com.jug.qa.SIGTest.MMSHackathonsPageTest@59494225]" name="setUp" is-config="true" duration-ms="20930" started-at="2018-07-10T08:50:59Z" finished-at="2018-07-10T08:51:20Z">
          <reporter-output>
          </reporter-output>
        </test-method> <!-- setUp -->
        <test-method status="PASS" signature="verifyhackathonsTitle()[pri:1, instance:com.jug.qa.SIGTest.MMSHackathonsPageTest@59494225]" name="verifyhackathonsTitle" duration-ms="10857" started-at="2018-07-10T08:51:20Z" finished-at="2018-07-10T08:51:31Z">
          <reporter-output>
          </reporter-output>
        </test-method> <!-- verifyhackathonsTitle -->
        <test-method status="PASS" signature="tearDown()[pri:0, instance:com.jug.qa.SIGTest.MMSHackathonsPageTest@59494225]" name="tearDown" is-config="true" duration-ms="1322" started-at="2018-07-10T08:51:31Z" finished-at="2018-07-10T08:51:33Z">
          <reporter-output>
          </reporter-output>
        </test-method> <!-- tearDown -->
      </class> <!-- com.jug.qa.SIGTest.MMSHackathonsPageTest -->
      <class name="com.jug.qa.SIGTest.MyProfilePageTest">
        <test-method status="PASS" signature="setUp()[pri:0, instance:com.jug.qa.SIGTest.MyProfilePageTest@5cb9f472]" name="setUp" is-config="true" duration-ms="11445" started-at="2018-07-10T08:51:50Z" finished-at="2018-07-10T08:52:02Z">
          <reporter-output>
          </reporter-output>
        </test-method> <!-- setUp -->
        <test-method status="PASS" signature="leaderbutton()[pri:1, instance:com.jug.qa.SIGTest.MyProfilePageTest@5cb9f472]" name="leaderbutton" duration-ms="15562" started-at="2018-07-10T08:52:02Z" finished-at="2018-07-10T08:52:17Z">
          <reporter-output>
          </reporter-output>
        </test-method> <!-- leaderbutton -->
        <test-method status="PASS" signature="tearDown()[pri:0, instance:com.jug.qa.SIGTest.MyProfilePageTest@5cb9f472]" name="tearDown" is-config="true" duration-ms="1392" started-at="2018-07-10T08:52:17Z" finished-at="2018-07-10T08:52:19Z">
          <reporter-output>
          </reporter-output>
        </test-method> <!-- tearDown -->
      </class> <!-- com.jug.qa.SIGTest.MyProfilePageTest -->
    </test> <!-- Test -->
  </suite> <!-- Suite -->
</testng-results>
